<?xml version="1.0" encoding="UTF-8"?>
<!-- Generated by org.testng.reporters.JUnitReportReporter -->
<testsuite hostname="LAPTOP-UB65FEHH" failures="0" tests="1" name="Integration.DemoWbshop" time="2.451" errors="0" timestamp="2024-09-23T10:01:52 IST" skipped="0">
  <testcase classname="Integration.DemoWbshop" name="Register" time="2.451"/>
  <system-out/>
</testsuite> <!-- Integration.DemoWbshop -->
